Determining if the pthread_create exist failed with the following output:
Change Dir: /home/w/Desktop/Workspace/pcltest/CMakeFiles/CMakeTmp

Run Build Command:"/usr/bin/make" "cmTC_51d8f/fast"
/usr/bin/make -f CMakeFiles/cmTC_51d8f.dir/build.make CMakeFiles/cmTC_51d8f.dir/build
make[1]: 正在进入目录 `/home/w/Desktop/Workspace/pcltest/CMakeFiles/CMakeTmp'
Building C object CMakeFiles/cmTC_51d8f.dir/CheckSymbolExists.c.o
/usr/bin/cc    -o CMakeFiles/cmTC_51d8f.dir/CheckSymbolExists.c.o   -c /home/w/Desktop/Workspace/pcltest/CMakeFiles/CMakeTmp/CheckSymbolExists.c
Linking C executable cmTC_51d8f
/usr/local/bin/cmake -E cmake_link_script CMakeFiles/cmTC_51d8f.dir/link.txt --verbose=1
/usr/bin/cc      -rdynamic CMakeFiles/cmTC_51d8f.dir/CheckSymbolExists.c.o  -o cmTC_51d8f 
CMakeFiles/cmTC_51d8f.dir/CheckSymbolExists.c.o：在函数‘main’中：
CheckSymbolExists.c:(.text+0x16)：对‘pthread_create’未定义的引用
collect2: error: ld returned 1 exit status
make[1]: *** [cmTC_51d8f] 错误 1
make[1]:正在离开目录 `/home/w/Desktop/Workspace/pcltest/CMakeFiles/CMakeTmp'
make: *** [cmTC_51d8f/fast] 错误 2

File /home/w/Desktop/Workspace/pcltest/CMakeFiles/CMakeTmp/CheckSymbolExists.c:
/* */
#include <pthread.h>

int main(int argc, char** argv)
{
  (void)argv;
#ifndef pthread_create
  return ((int*)(&pthread_create))[argc];
#else
  (void)argc;
  return 0;
#endif
}

Determining if the function pthread_create exists in the pthreads failed with the following output:
Change Dir: /home/w/Desktop/Workspace/pcltest/CMakeFiles/CMakeTmp

Run Build Command:"/usr/bin/make" "cmTC_6c05a/fast"
/usr/bin/make -f CMakeFiles/cmTC_6c05a.dir/build.make CMakeFiles/cmTC_6c05a.dir/build
make[1]: 正在进入目录 `/home/w/Desktop/Workspace/pcltest/CMakeFiles/CMakeTmp'
Building C object CMakeFiles/cmTC_6c05a.dir/CheckFunctionExists.c.o
/usr/bin/cc   -DCHECK_FUNCTION_EXISTS=pthread_create   -o CMakeFiles/cmTC_6c05a.dir/CheckFunctionExists.c.o   -c /usr/local/share/cmake-3.8/Modules/CheckFunctionExists.c
Linking C executable cmTC_6c05a
/usr/local/bin/cmake -E cmake_link_script CMakeFiles/cmTC_6c05a.dir/link.txt --verbose=1
/usr/bin/cc  -DCHECK_FUNCTION_EXISTS=pthread_create    -rdynamic CMakeFiles/cmTC_6c05a.dir/CheckFunctionExists.c.o  -o cmTC_6c05a -lpthreads 
/usr/bin/ld: 找不到 -lpthreads
collect2: error: ld returned 1 exit status
make[1]: *** [cmTC_6c05a] 错误 1
make[1]:正在离开目录 `/home/w/Desktop/Workspace/pcltest/CMakeFiles/CMakeTmp'
make: *** [cmTC_6c05a/fast] 错误 2


