Determining if the pthread_create exist failed with the following output:
Change Dir: /home/w/Desktop/Workspace/pcltest/viewer/CMakeFiles/CMakeTmp

Run Build Command:"/usr/bin/make" "cmTC_21543/fast"
/usr/bin/make -f CMakeFiles/cmTC_21543.dir/build.make CMakeFiles/cmTC_21543.dir/build
make[1]: 正在进入目录 `/home/w/Desktop/Workspace/pcltest/viewer/CMakeFiles/CMakeTmp'
Building C object CMakeFiles/cmTC_21543.dir/CheckSymbolExists.c.o
/usr/bin/cc    -o CMakeFiles/cmTC_21543.dir/CheckSymbolExists.c.o   -c /home/w/Desktop/Workspace/pcltest/viewer/CMakeFiles/CMakeTmp/CheckSymbolExists.c
Linking C executable cmTC_21543
/usr/local/bin/cmake -E cmake_link_script CMakeFiles/cmTC_21543.dir/link.txt --verbose=1
/usr/bin/cc      -rdynamic CMakeFiles/cmTC_21543.dir/CheckSymbolExists.c.o  -o cmTC_21543 
CMakeFiles/cmTC_21543.dir/CheckSymbolExists.c.o：在函数‘main’中：
CheckSymbolExists.c:(.text+0x16)：对‘pthread_create’未定义的引用
collect2: error: ld returned 1 exit status
make[1]: *** [cmTC_21543] 错误 1
make[1]:正在离开目录 `/home/w/Desktop/Workspace/pcltest/viewer/CMakeFiles/CMakeTmp'
make: *** [cmTC_21543/fast] 错误 2

File /home/w/Desktop/Workspace/pcltest/viewer/CMakeFiles/CMakeTmp/CheckSymbolExists.c:
/* */
#include <pthread.h>

int main(int argc, char** argv)
{
  (void)argv;
#ifndef pthread_create
  return ((int*)(&pthread_create))[argc];
#else
  (void)argc;
  return 0;
#endif
}

Determining if the function pthread_create exists in the pthreads failed with the following output:
Change Dir: /home/w/Desktop/Workspace/pcltest/viewer/CMakeFiles/CMakeTmp

Run Build Command:"/usr/bin/make" "cmTC_2da96/fast"
/usr/bin/make -f CMakeFiles/cmTC_2da96.dir/build.make CMakeFiles/cmTC_2da96.dir/build
make[1]: 正在进入目录 `/home/w/Desktop/Workspace/pcltest/viewer/CMakeFiles/CMakeTmp'
Building C object CMakeFiles/cmTC_2da96.dir/CheckFunctionExists.c.o
/usr/bin/cc   -DCHECK_FUNCTION_EXISTS=pthread_create   -o CMakeFiles/cmTC_2da96.dir/CheckFunctionExists.c.o   -c /usr/local/share/cmake-3.8/Modules/CheckFunctionExists.c
Linking C executable cmTC_2da96
/usr/local/bin/cmake -E cmake_link_script CMakeFiles/cmTC_2da96.dir/link.txt --verbose=1
/usr/bin/cc  -DCHECK_FUNCTION_EXISTS=pthread_create    -rdynamic CMakeFiles/cmTC_2da96.dir/CheckFunctionExists.c.o  -o cmTC_2da96 -lpthreads 
/usr/bin/ld: 找不到 -lpthreads
collect2: error: ld returned 1 exit status
make[1]: *** [cmTC_2da96] 错误 1
make[1]:正在离开目录 `/home/w/Desktop/Workspace/pcltest/viewer/CMakeFiles/CMakeTmp'
make: *** [cmTC_2da96/fast] 错误 2


